<?xml version="1.0" encoding="UTF-8"?>
<testsuite xmlns:xsi="http://www.w3.org/2001/XMLSchema-instance" xsi:noNamespaceSchemaLocation="https://maven.apache.org/surefire/maven-surefire-plugin/xsd/surefire-test-report-3.0.xsd" version="3.0" name="com.example.vcbeprj.service.DesignPortalDrawingServiceTest" time="8.367" tests="10" errors="0" skipped="0" failures="0">
  <properties>
[...]
</properties>
  <testcase name="manualDrawingApiDoesNotExposeDatabaseDrawingId" classname="com.example.vcbeprj.service.DesignPortalDrawingServiceTest" time="1.506">
    <system-out><![CDATA[03:24:02.316 [main] INFO org.springframework.test.context.support.AnnotationConfigContextLoaderUtils -- Could not detect default configuration classes for test class [com.example.vcbeprj.service.DesignPortalDrawingServiceTest]: DesignPortalDrawingServiceTest does not declare any static, non-private, non-final, nested classes annotated with @Configuration.
03:24:02.832 [main] INFO org.springframework.boot.test.context.SpringBootTestContextBootstrapper -- Found @SpringBootConfiguration com.example.vcbeprj.VcBePrjApplication for test class com.example.vcbeprj.service.DesignPortalDrawingServiceTest

  .   ____          _            __ _ _
 /\\ / ___'_ __ _ _(_)_ __  __ _ \ \ \ \
( ( )\___ | '_ | '_| | '_ \/ _` | \ \ \ \
 \\/  ___)| |_)| | | | | || (_| |  ) ) ) )
  '  |____| .__|_| |_|_| |_\__, | / / / /
 =========|_|==============|___/=/_/_/_/

 :: Spring Boot ::                (v3.3.6)

03:24:04.455 INFO  [background-preinit] o.h.validator.internal.util.Version - HV000001: Hibernate Validator 8.0.1.Final
03:24:04.532 INFO  [main] c.e.v.s.DesignPortalDrawingServiceTest - Starting DesignPortalDrawingServiceTest using Java 25.0.3 with PID 13224 (started by ngopr in D:\vcPrj\vcBePrj)
03:24:04.534 DEBUG [main] c.e.v.s.DesignPortalDrawingServiceTest - Running with Spring Boot v3.3.6, Spring v6.1.15
03:24:04.538 INFO  [main] c.e.v.s.DesignPortalDrawingServiceTest - No active profile set, falling back to 1 default profile: "default"
03:24:04.539 DEBUG [main] o.s.boot.SpringApplication - Loading source class com.example.vcbeprj.VcBePrjApplication
03:24:04.596 DEBUG [main] o.s.w.c.s.GenericWebApplicationContext - Refreshing org.springframework.web.context.support.GenericWebApplicationContext@796d3c9f
03:24:06.708 DEBUG [main] o.s.b.a.AutoConfigurationPackages - @EnableAutoConfiguration was declared on a class in the package 'com.example.vcbeprj'. Automatic @Repository and @Entity scanning is enabled.
03:24:07.401 DEBUG [main] o.s.w.s.m.m.a.RequestMappingHandlerMapping - 24 mappings in 'requestMappingHandlerMapping'
03:24:07.464 DEBUG [main] o.s.w.s.h.SimpleUrlHandlerMapping - Patterns [/webjars/**, /**] in 'resourceHandlerMapping'
03:24:07.511 DEBUG [main] o.s.w.s.m.m.a.RequestMappingHandlerAdapter - ControllerAdvice beans: 0 @ModelAttribute, 0 @InitBinder, 1 RequestBodyAdvice, 1 ResponseBodyAdvice
03:24:07.569 DEBUG [main] o.s.w.s.m.m.a.ExceptionHandlerExceptionResolver - ControllerAdvice beans: 0 @ExceptionHandler, 1 ResponseBodyAdvice
03:24:07.687 DEBUG [main] o.s.b.w.s.ServletContextInitializerBeans - Mapping filters: characterEncodingFilter urls=[/*] order=-2147483648, formContentFilter urls=[/*] order=-9900, requestContextFilter urls=[/*] order=-105
03:24:07.687 DEBUG [main] o.s.b.w.s.ServletContextInitializerBeans - Mapping servlets: 
03:24:07.698 DEBUG [main] o.s.b.w.s.f.OrderedCharacterEncodingFilter - Filter 'characterEncodingFilter' configured for use
03:24:07.698 DEBUG [main] o.s.b.w.s.f.OrderedFormContentFilter - Filter 'formContentFilter' configured for use
03:24:07.698 DEBUG [main] o.s.b.w.s.f.OrderedRequestContextFilter - Filter 'requestContextFilter' configured for use
03:24:07.699 INFO  [main] o.s.b.t.m.w.SpringBootMockServletContext - Initializing Spring TestDispatcherServlet ''
03:24:07.700 INFO  [main] o.s.t.w.s.TestDispatcherServlet - Initializing Servlet ''
03:24:07.701 INFO  [main] o.s.t.w.s.TestDispatcherServlet - Completed initialization in 1 ms
03:24:07.776 DEBUG [main] o.s.b.a.l.ConditionEvaluationReportLogger - 


============================
CONDITIONS EVALUATION REPORT
============================


Positive matches:
-----------------

   AopAutoConfiguration matched:
      - @ConditionalOnProperty (spring.aop.auto=true) matched (OnPropertyCondition)

   AopAutoConfiguration.ClassProxyingConfiguration matched:
      - @ConditionalOnMissingClass did not find unwanted class 'org.aspectj.weaver.Advice' (OnClassCondition)
      - @ConditionalOnProperty (spring.aop.proxy-target-class=true) matched (OnPropertyCondition)

   ApplicationAvailabilityAutoConfiguration#applicationAvailability matched:
      - @ConditionalOnMissingBean (types: org.springframework.boot.availability.ApplicationAvailability; SearchStrategy: all) did not find any beans (OnBeanCondition)

   DispatcherServletAutoConfiguration matched:
      - @ConditionalOnClass found required class 'org.springframework.web.servlet.DispatcherServlet' (OnClassCondition)
      - found 'session' scope (OnWebApplicationCondition)

   DispatcherServletAutoConfiguration.DispatcherServletConfiguration matched:
      - @ConditionalOnClass found required class 'jakarta.servlet.ServletRegistration' (OnClassCondition)
      - Default DispatcherServlet did not find dispatcher servlet beans (DispatcherServletAutoConfiguration.DefaultDispatcherServletCondition)

   DispatcherServletAutoConfiguration.DispatcherServletRegistrationConfiguration matched:
      - @ConditionalOnClass found required class 'jakarta.servlet.ServletRegistration' (OnClassCondition)
      - DispatcherServlet Registration did not find servlet registration bean (DispatcherServletAutoConfiguration.DispatcherServletRegistrationCondition)

   DispatcherServletAutoConfiguration.DispatcherServletRegistrationConfiguration#dispatcherServletRegistration matched:
      - @ConditionalOnBean (names: dispatcherServlet types: org.springframework.web.servlet.DispatcherServlet; SearchStrategy: all) found bean 'dispatcherServlet' (OnBeanCondition)

   ErrorMvcAutoConfiguration matched:
      - @ConditionalOnClass found required classes 'jakarta.servlet.Servlet', 'org.springframework.web.servlet.DispatcherServlet' (OnClassCondition)
      - found 'session' scope (OnWebApplicationCondition)

   ErrorMvcAutoConfiguration#basicErrorController matched:
      - @ConditionalOnMissingBean (types: org.springframework.boot.web.servlet.error.ErrorController; SearchStrategy: current) did not find any beans (OnBeanCondition)

   ErrorMvcAutoConfiguration#errorAttributes matched:
      - @ConditionalOnMissingBean (types: org.springframework.boot.web.servlet.error.ErrorAttributes; SearchStrategy: current) did not find any beans (OnBeanCondition)

   ErrorMvcAutoConfiguration.DefaultErrorViewResolverConfiguration#conventionErrorViewResolver matched:
      - @ConditionalOnBean (types: org.springframework.web.servlet.DispatcherServlet; SearchStrategy: all) found bean 'dispatcherServlet'; @ConditionalOnMissingBean (types: org.springframework.boot.autoconfigure.web.servlet.error.ErrorViewResolver; SearchStrategy: all) did not find any beans (OnBeanCondition)

   ErrorMvcAutoConfiguration.WhitelabelErrorViewConfiguration matched:
      - @ConditionalOnProperty (server.error.whitelabel.enabled) matched (OnPropertyCondition)
      - ErrorTemplate Missing did not find error template view (ErrorMvcAutoConfiguration.ErrorTemplateMissingCondition)

   ErrorMvcAutoConfiguration.WhitelabelErrorViewConfiguration#beanNameViewResolver matched:
      - @ConditionalOnMissingBean (types: org.springframework.web.servlet.view.BeanNameViewResolver; SearchStrategy: all) did not find any beans (OnBeanCondition)

   ErrorMvcAutoConfiguration.WhitelabelErrorViewConfiguration#defaultErrorView matched:
      - @ConditionalOnMissingBean (names: error; SearchStrategy: all) did not find any beans (OnBeanCondition)

   GenericCacheConfiguration matched:
      - Cache org.springframework.boot.autoconfigure.cache.GenericCacheConfiguration automatic cache type (CacheCondition)

   HttpEncodingAutoConfiguration matched:
      - @ConditionalOnClass found required class 'org.springframework.web.filter.CharacterEncodingFilter' (OnClassCondition)
      - found 'session' scope (OnWebApplicationCondition)
      - @ConditionalOnProperty (server.servlet.encoding.enabled) matched (OnPropertyCondition)

   HttpEncodingAutoConfiguration#characterEncodingFilter matched:
      - @ConditionalOnMissingBean (types: org.springframework.web.filter.CharacterEncodingFilter; SearchStrategy: all) did not find any beans (OnBeanCondition)

   HttpMessageConvertersAutoConfiguration matched:
      - @ConditionalOnClass found required class 'org.springframework.http.converter.HttpMessageConverter' (OnClassCondition)
      - NoneNestedConditions 0 matched 1 did not; NestedCondition on HttpMessageConvertersAutoConfiguration.NotReactiveWebApplicationCondition.ReactiveWebApplication did not find reactive web application classes (HttpMessageConvertersAutoConfiguration.NotReactiveWebApplicationCondition)

   HttpMessageConvertersAutoConfiguration#messageConverters matched:
      - @ConditionalOnMissingBean (types: org.springframework.boot.autoconfigure.http.HttpMessageConverters; SearchStrategy: all) did not find any beans (OnBeanCondition)

   HttpMessageConvertersAutoConfiguration.StringHttpMessageConverterConfiguration matched:
      - @ConditionalOnClass found required class 'org.springframework.http.converter.StringHttpMessageConverter' (OnClassCondition)

   HttpMessageConvertersAutoConfiguration.StringHttpMessageConverterConfiguration#stringHttpMessageConverter matched:
      - @ConditionalOnMissingBean (types: org.springframework.http.converter.StringHttpMessageConverter; SearchStrategy: all) did not find any beans (OnBeanCondition)

   JacksonAutoConfiguration matched:
      - @ConditionalOnClass found required class 'com.fasterxml.jackson.databind.ObjectMapper' (OnClassCondition)

   JacksonAutoConfiguration.Jackson2ObjectMapperBuilderCustomizerConfiguration matched:
      - @ConditionalOnClass found required class 'org.springframework.http.converter.json.Jackson2ObjectMapperBuilder' (OnClassCondition)

   JacksonAutoConfiguration.JacksonObjectMapperBuilderConfiguration matched:
      - @ConditionalOnClass found required class 'org.springframework.http.converter.json.Jackson2ObjectMapperBuilder' (OnClassCondition)

   JacksonAutoConfiguration.JacksonObjectMapperBuilderConfiguration#jacksonObjectMapperBuilder matched:
      - @ConditionalOnMissingBean (types: org.springframework.http.converter.json.Jackson2ObjectMapperBuilder; SearchStrategy: all) did not find any beans (OnBeanCondition)

   JacksonAutoConfiguration.JacksonObjectMapperConfiguration matched:
      - @ConditionalOnClass found required class 'org.springframework.http.converter.json.Jackson2ObjectMapperBuilder' (OnClassCondition)

   JacksonAutoConfiguration.JacksonObjectMapperConfiguration#jacksonObjectMapper matched:
      - @ConditionalOnMissingBean (types: com.fasterxml.jackson.databind.ObjectMapper; SearchStrategy: all) did not find any beans (OnBeanCondition)

   JacksonAutoConfiguration.ParameterNamesModuleConfiguration matched:
      - @ConditionalOnClass found required class 'com.fasterxml.jackson.module.paramnames.ParameterNamesModule' (OnClassCondition)

   JacksonAutoConfiguration.ParameterNamesModuleConfiguration#parameterNamesModule matched:
      - @ConditionalOnMissingBean (types: com.fasterxml.jackson.module.paramnames.ParameterNamesModule; SearchStrategy: all) did not find any beans (OnBeanCondition)

   JacksonHttpMessageConvertersConfiguration.MappingJackson2HttpMessageConverterConfiguration matched:
      - @ConditionalOnClass found required class 'com.fasterxml.jackson.databind.ObjectMapper' (OnClassCondition)
      - @ConditionalOnProperty (spring.mvc.converters.preferred-json-mapper=jackson) matched (OnPropertyCondition)
      - @ConditionalOnBean (types: com.fasterxml.jackson.databind.ObjectMapper; SearchStrategy: all) found bean 'jacksonObjectMapper' (OnBeanCondition)

   JacksonHttpMessageConvertersConfiguration.MappingJackson2HttpMessageConverterConfiguration#mappingJackson2HttpMessageConverter matched:
      - @ConditionalOnMissingBean (types: org.springframework.http.converter.json.MappingJackson2HttpMessageConverter ignored: org.springframework.hateoas.server.mvc.TypeConstrainedMappingJackson2HttpMessageConverter,org.springframework.data.rest.webmvc.alps.AlpsJsonHttpMessageConverter; SearchStrategy: all) did not find any beans (OnBeanCondition)

   LifecycleAutoConfiguration#defaultLifecycleProcessor matched:
      - @ConditionalOnMissingBean (names: lifecycleProcessor; SearchStrategy: current) did not find any beans (OnBeanCondition)

   MockMvcAutoConfiguration matched:
      - found 'session' scope (OnWebApplicationCondition)

   MockMvcAutoConfiguration#mockMvc matched:
      - @ConditionalOnMissingBean (types: org.springframework.test.web.servlet.MockMvc; SearchStrategy: all) did not find any beans (OnBeanCondition)

   MockMvcAutoConfiguration#mockMvcBuilder matched:
      - @ConditionalOnMissingBean (types: org.springframework.test.web.servlet.MockMvcBuilder; SearchStrategy: all) did not find any beans (OnBeanCondition)

   MultipartAutoConfiguration matched:
      - @ConditionalOnClass found required classes 'jakarta.servlet.Servlet', 'org.springframework.web.multipart.support.StandardServletMultipartResolver', 'jakarta.servlet.MultipartConfigElement' (OnClassCondition)
      - found 'session' scope (OnWebApplicationCondition)
      - @ConditionalOnProperty (spring.servlet.multipart.enabled) matched (OnPropertyCondition)

   MultipartAutoConfiguration#multipartConfigElement matched:
      - @ConditionalOnMissingBean (types: jakarta.servlet.MultipartConfigElement; SearchStrategy: all) did not find any beans (OnBeanCondition)

   MultipartAutoConfiguration#multipartResolver matched:
      - @ConditionalOnMissingBean (types: org.springframework.web.multipart.MultipartResolver; SearchStrategy: all) did not find any beans (OnBeanCondition)

   NoOpCacheConfiguration matched:
      - Cache org.springframework.boot.autoconfigure.cache.NoOpCacheConfiguration automatic cache type (CacheCondition)

   PersistenceExceptionTranslationAutoConfiguration matched:
      - @ConditionalOnClass found required class 'org.springframework.dao.annotation.PersistenceExceptionTranslationPostProcessor' (OnClassCondition)

   PersistenceExceptionTranslationAutoConfiguration#persistenceExceptionTranslationPostProcessor matched:
      - @ConditionalOnProperty (spring.dao.exceptiontranslation.enabled) matched (OnPropertyCondition)
      - @ConditionalOnMissingBean (types: org.springframework.dao.annotation.PersistenceExceptionTranslationPostProcessor; SearchStrategy: all) did not find any beans (OnBeanCondition)

   PropertyPlaceholderAutoConfiguration#propertySourcesPlaceholderConfigurer matched:
      - @ConditionalOnMissingBean (types: org.springframework.context.support.PropertySourcesPlaceholderConfigurer; SearchStrategy: current) did not find any beans (OnBeanCondition)

   RestClientAutoConfiguration matched:
      - @ConditionalOnClass found required class 'org.springframework.web.client.RestClient' (OnClassCondition)
      - NoneNestedConditions 0 matched 1 did not; NestedCondition on NotReactiveWebApplicationCondition.ReactiveWebApplication did not find reactive web application classes (NotReactiveWebApplicationCondition)

   RestClientAutoConfiguration#httpMessageConvertersRestClientCustomizer matched:
      - @ConditionalOnMissingBean (types: org.springframework.boot.autoconfigure.web.client.HttpMessageConvertersRestClientCustomizer; SearchStrategy: all) did not find any beans (OnBeanCondition)

   RestClientAutoConfiguration#restClientBuilder matched:
      - @ConditionalOnMissingBean (types: org.springframework.web.client.RestClient$Builder; SearchStrategy: all) did not find any beans (OnBeanCondition)

   RestClientAutoConfiguration#restClientBuilderConfigurer matched:
      - @ConditionalOnMissingBean (types: org.springframework.boot.autoconfigure.web.client.RestClientBuilderConfigurer; SearchStrategy: all) did not find any beans (OnBeanCondition)

   RestClientAutoConfiguration#restClientSsl matched:
      - @ConditionalOnBean (types: org.springframework.boot.ssl.SslBundles; SearchStrategy: all) found bean 'sslBundleRegistry'; @ConditionalOnMissingBean (types: org.springframework.boot.autoconfigure.web.client.RestClientSsl; SearchStrategy: all) did not find any beans (OnBeanCondition)

   RestTemplateAutoConfiguration matched:
      - @ConditionalOnClass found required class 'org.springframework.web.client.RestTemplate' (OnClassCondition)
      - NoneNestedConditions 0 matched 1 did not; NestedCondition on NotReactiveWebApplicationCondition.ReactiveWebApplication did not find reactive web application classes (NotReactiveWebApplicationCondition)

   RestTemplateAutoConfiguration#restTemplateBuilder matched:
      - @ConditionalOnMissingBean (types: org.springframework.boot.web.client.RestTemplateBuilder; SearchStrategy: all) did not find any beans (OnBeanCondition)

   ServletWebServerFactoryAutoConfiguration matched:
      - @ConditionalOnClass found required class 'jakarta.servlet.ServletRequest' (OnClassCondition)
      - found 'session' scope (OnWebApplicationCondition)

   ServletWebServerFactoryAutoConfiguration#tomcatServletWebServerFactoryCustomizer matched:
      - @ConditionalOnClass found required class 'org.apache.catalina.startup.Tomcat' (OnClassCondition)

   ServletWebServerFactoryConfiguration.EmbeddedTomcat matched:
      - @ConditionalOnClass found required classes 'jakarta.servlet.Servlet', 'org.apache.catalina.startup.Tomcat', 'org.apache.coyote.UpgradeProtocol' (OnClassCondition)
      - @ConditionalOnMissingBean (types: org.springframework.boot.web.servlet.server.ServletWebServerFactory; SearchStrategy: current) did not find any beans (OnBeanCondition)

   SimpleCacheConfiguration matched:
      - Cache org.springframework.boot.autoconfigure.cache.SimpleCacheConfiguration automatic cache type (CacheCondition)

   SqlInitializationAutoConfiguration matched:
      - @ConditionalOnProperty (spring.sql.init.enabled) matched (OnPropertyCondition)
      - NoneNestedConditions 0 matched 1 did not; NestedCondition on SqlInitializationAutoConfiguration.SqlInitializationModeCondition.ModeIsNever @ConditionalOnProperty (spring.sql.init.mode=never) did not find property 'mode' (SqlInitializationAutoConfiguration.SqlInitializationModeCondition)

   SslAutoConfiguration#sslBundleRegistry matched:
      - @ConditionalOnMissingBean (types: org.springframework.boot.ssl.SslBundleRegistry,org.springframework.boot.ssl.SslBundles; SearchStrategy: all) did not find any beans (OnBeanCondition)

   TaskExecutionAutoConfiguration matched:
      - @ConditionalOnClass found required class 'org.springframework.scheduling.concurrent.ThreadPoolTaskExecutor' (OnClassCondition)

   TaskExecutorConfigurations.SimpleAsyncTaskExecutorBuilderConfiguration#simpleAsyncTaskExecutorBuilder matched:
      - @ConditionalOnMissingBean (types: org.springframework.boot.task.SimpleAsyncTaskExecutorBuilder; SearchStrategy: all) did not find any beans (OnBeanCondition)
      - @ConditionalOnThreading found PLATFORM (OnThreadingCondition)

   TaskExecutorConfigurations.TaskExecutorBuilderConfiguration#taskExecutorBuilder matched:
      - @ConditionalOnMissingBean (types: org.springframework.boot.task.TaskExecutorBuilder; SearchStrategy: all) did not find any beans (OnBeanCondition)

   TaskExecutorConfigurations.TaskExecutorConfiguration matched:
      - @ConditionalOnMissingBean (types: java.util.concurrent.Executor; SearchStrategy: all) did not find any beans (OnBeanCondition)

   TaskExecutorConfigurations.TaskExecutorConfiguration#applicationTaskExecutor matched:
      - @ConditionalOnThreading found PLATFORM (OnThreadingCondition)

   TaskExecutorConfigurations.ThreadPoolTaskExecutorBuilderConfiguration#threadPoolTaskExecutorBuilder matched:
      - @ConditionalOnMissingBean (types: org.springframework.boot.task.TaskExecutorBuilder,org.springframework.boot.task.ThreadPoolTaskExecutorBuilder; SearchStrategy: all) did not find any beans (OnBeanCondition)

   TaskSchedulingAutoConfiguration matched:
      - @ConditionalOnClass found required class 'org.springframework.scheduling.concurrent.ThreadPoolTaskScheduler' (OnClassCondition)

   TaskSchedulingConfigurations.SimpleAsyncTaskSchedulerBuilderConfiguration#simpleAsyncTaskSchedulerBuilder matched:
      - @ConditionalOnMissingBean (types: org.springframework.boot.task.SimpleAsyncTaskSchedulerBuilder; SearchStrategy: all) did not find any beans (OnBeanCondition)
      - @ConditionalOnThreading found PLATFORM (OnThreadingCondition)

   TaskSchedulingConfigurations.TaskSchedulerBuilderConfiguration#taskSchedulerBuilder matched:
      - @ConditionalOnMissingBean (types: org.springframework.boot.task.TaskSchedulerBuilder; SearchStrategy: all) did not find any beans (OnBeanCondition)

   TaskSchedulingConfigurations.ThreadPoolTaskSchedulerBuilderConfiguration#threadPoolTaskSchedulerBuilder matched:
      - @ConditionalOnMissingBean (types: org.springframework.boot.task.TaskSchedulerBuilder,org.springframework.boot.task.ThreadPoolTaskSchedulerBuilder; SearchStrategy: all) did not find any beans (OnBeanCondition)

   TransactionAutoConfiguration matched:
      - @ConditionalOnClass found required class 'org.springframework.transaction.PlatformTransactionManager' (OnClassCondition)

   TransactionAutoConfiguration.EnableTransactionManagementConfiguration matched:
      - @ConditionalOnBean (types: org.springframework.transaction.TransactionManager; SearchStrategy: all) found bean 'transactionManager'; @ConditionalOnMissingBean (types: org.springframework.transaction.annotation.AbstractTransactionManagementConfiguration; SearchStrategy: all) did not find any beans (OnBeanCondition)

   TransactionAutoConfiguration.EnableTransactionManagementConfiguration.CglibAutoProxyConfiguration matched:
      - @ConditionalOnProperty (spring.aop.proxy-target-class=true) matched (OnPropertyCondition)

   TransactionAutoConfiguration.TransactionTemplateConfiguration matched:
      - @ConditionalOnSingleCandidate (types: org.springframework.transaction.PlatformTransactionManager; SearchStrategy: all) found a single bean 'transactionManager' (OnBeanCondition)

   TransactionAutoConfiguration.TransactionTemplateConfiguration#transactionTemplate matched:
      - @ConditionalOnMissingBean (types: org.springframework.transaction.support.TransactionOperations; SearchStrategy: all) did not find any beans (OnBeanCondition)

   TransactionManagerCustomizationAutoConfiguration matched:
      - @ConditionalOnClass found required class 'org.springframework.transaction.PlatformTransactionManager' (OnClassCondition)

   TransactionManagerCustomizationAutoConfiguration#platformTransactionManagerCustomizers matched:
      - @ConditionalOnMissingBean (types: org.springframework.boot.autoconfigure.transaction.TransactionManagerCustomizers; SearchStrategy: all) did not find any beans (OnBeanCondition)

   ValidationAutoConfiguration matched:
      - @ConditionalOnClass found required class 'jakarta.validation.executable.ExecutableValidator' (OnClassCondition)
      - @ConditionalOnResource found location classpath:META-INF/services/jakarta.validation.spi.ValidationProvider (OnResourceCondition)

   ValidationAutoConfiguration#defaultValidator matched:
      - @ConditionalOnMissingBean (types: jakarta.validation.Validator; SearchStrategy: all) did not find any beans (OnBeanCondition)

   ValidationAutoConfiguration#methodValidationPostProcessor matched:
      - @ConditionalOnMissingBean (types: org.springframework.validation.beanvalidation.MethodValidationPostProcessor; SearchStrategy: current) did not find any beans (OnBeanCondition)

   WebMvcAutoConfiguration matched:
      - @ConditionalOnClass found required classes 'jakarta.servlet.Servlet', 'org.springframework.web.servlet.DispatcherServlet', 'org.springframework.web.servlet.config.annotation.WebMvcConfigurer' (OnClassCondition)
      - found 'session' scope (OnWebApplicationCondition)
      - @ConditionalOnMissingBean (types: org.springframework.web.servlet.config.annotation.WebMvcConfigurationSupport; SearchStrategy: all) did not find any beans (OnBeanCondition)

   WebMvcAutoConfiguration#formContentFilter matched:
      - @ConditionalOnProperty (spring.mvc.formcontent.filter.enabled) matched (OnPropertyCondition)
      - @ConditionalOnMissingBean (types: org.springframework.web.filter.FormContentFilter; SearchStrategy: all) did not find any beans (OnBeanCondition)

   WebMvcAutoConfiguration.EnableWebMvcConfiguration#flashMapManager matched:
      - @ConditionalOnMissingBean (names: flashMapManager; SearchStrategy: all) did not find any beans (OnBeanCondition)

   WebMvcAutoConfiguration.EnableWebMvcConfiguration#localeResolver matched:
      - @ConditionalOnMissingBean (names: localeResolver; SearchStrategy: all) did not find any beans (OnBeanCondition)

   WebMvcAutoConfiguration.EnableWebMvcConfiguration#themeResolver matched:
      - @ConditionalOnMissingBean (names: themeResolver; SearchStrategy: all) did not find any beans (OnBeanCondition)

   WebMvcAutoConfiguration.WebMvcAutoConfigurationAdapter#defaultViewResolver matched:
      - @ConditionalOnMissingBean (types: org.springframework.web.servlet.view.InternalResourceViewResolver; SearchStrategy: all) did not find any beans (OnBeanCondition)

   WebMvcAutoConfiguration.WebMvcAutoConfigurationAdapter#requestContextFilter matched:
      - @ConditionalOnMissingBean (types: org.springframework.web.context.request.RequestContextListener,org.springframework.web.filter.RequestContextFilter; SearchStrategy: all) did not find any beans (OnBeanCondition)

   WebMvcAutoConfiguration.WebMvcAutoConfigurationAdapter#viewResolver matched:
      - @ConditionalOnBean (types: org.springframework.web.servlet.ViewResolver; SearchStrategy: all) found beans 'defaultViewResolver', 'beanNameViewResolver', 'mvcViewResolver'; @ConditionalOnMissingBean (names: viewResolver types: org.springframework.web.servlet.view.ContentNegotiatingViewResolver; SearchStrategy: all) did not find any beans (OnBeanCondition)

   WebSocketServletAutoConfiguration matched:
      - @ConditionalOnClass found required classes 'jakarta.servlet.Servlet', 'jakarta.websocket.server.ServerContainer' (OnClassCondition)
      - found 'session' scope (OnWebApplicationCondition)

   WebSocketServletAutoConfiguration.TomcatWebSocketConfiguration matched:
      - @ConditionalOnClass found required classes 'org.apache.catalina.startup.Tomcat', 'org.apache.tomcat.websocket.server.WsSci' (OnClassCondition)

   WebSocketServletAutoConfiguration.TomcatWebSocketConfiguration#websocketServletWebServerCustomizer matched:
      - @ConditionalOnMissingBean (names: websocketServletWebServerCustomizer; SearchStrategy: all) did not find any beans (OnBeanCondition)


Negative matches:
-----------------

   ActiveMQAutoConfiguration:
      Did not match:
         - @ConditionalOnClass did not find required class 'jakarta.jms.ConnectionFactory' (OnClassCondition)

   AopAutoConfiguration.AspectJAutoProxyingConfiguration:
      Did not match:
         - @ConditionalOnClass did not find required class 'org.aspectj.weaver.Advice' (OnClassCondition)

   ArtemisAutoConfiguration:
      Did not match:
         - @ConditionalOnClass did not find required class 'jakarta.jms.ConnectionFactory' (OnClassCondition)

   BatchAutoConfiguration:
      Did not match:
         - @ConditionalOnClass did not find required class 'org.springframework.batch.core.launch.JobLauncher' (OnClassCondition)

   Cache2kCacheConfiguration:
      Did not match:
         - @ConditionalOnClass did not find required class 'org.cache2k.Cache2kBuilder' (OnClassCondition)

   CacheAutoConfiguration:
      Did not match:
         - @ConditionalOnBean (types: org.springframework.cache.interceptor.CacheAspectSupport; SearchStrategy: all) did not find any beans of type org.springframework.cache.interceptor.CacheAspectSupport (OnBeanCondition)
      Matched:
         - @ConditionalOnClass found required class 'org.springframework.cache.CacheManager' (OnClassCondition)

   CacheAutoConfiguration.CacheManagerEntityManagerFactoryDependsOnPostProcessor:
      Did not match:
         - @ConditionalOnClass did not find required class 'org.springframework.orm.jpa.LocalContainerEntityManagerFactoryBean' (OnClassCondition)
         - Ancestor org.springframework.boot.autoconfigure.cache.CacheAutoConfiguration did not match (ConditionEvaluationReport.AncestorsMatchedCondition)

   CaffeineCacheConfiguration:
      Did not match:
         - @ConditionalOnClass did not find required class 'com.github.benmanes.caffeine.cache.Caffeine' (OnClassCondition)

   CassandraAutoConfiguration:
      Did not match:
         - @ConditionalOnClass did not find required class 'com.datastax.oss.driver.api.core.CqlSession' (OnClassCondition)

   CassandraDataAutoConfiguration:
      Did not match:
         - @ConditionalOnClass did not find required class 'com.datastax.oss.driver.api.core.CqlSession' (OnClassCondition)

   CassandraReactiveDataAutoConfiguration:
      Did not match:
         - @ConditionalOnClass did not find required class 'com.datastax.oss.driver.api.core.CqlSession' (OnClassCondition)

   CassandraReactiveRepositoriesAutoConfiguration:
      Did not match:
         - @ConditionalOnClass did not find required class 'org.springframework.data.cassandra.ReactiveSession' (OnClassCondition)

   CassandraRepositoriesAutoConfiguration:
      Did not match:
         - @ConditionalOnClass did not find required class 'com.datastax.oss.driver.api.core.CqlSession' (OnClassCondition)

   ClientHttpConnectorAutoConfiguration:
      Did not match:
         - @ConditionalOnClass did not find required class 'org.springframework.web.reactive.function.client.WebClient' (OnClassCondition)

   CodecsAutoConfiguration:
      Did not match:
         - @ConditionalOnClass did not find required class 'org.springframework.web.reactive.function.client.WebClient' (OnClassCondition)

   CouchbaseAutoConfiguration:
      Did not match:
         - @ConditionalOnClass did not find required class 'com.couchbase.client.java.Cluster' (OnClassCondition)

   CouchbaseCacheConfiguration:
      Did not match:
         - @ConditionalOnClass did not find required class 'com.couchbase.client.java.Cluster' (OnClassCondition)

   CouchbaseDataAutoConfiguration:
      Did not match:
         - @ConditionalOnClass did not find required class 'com.couchbase.client.java.Bucket' (OnClassCondition)

   CouchbaseReactiveDataAutoConfiguration:
      Did not match:
         - @ConditionalOnClass did not find required class 'com.couchbase.client.java.Cluster' (OnClassCondition)

   CouchbaseReactiveRepositoriesAutoConfiguration:
      Did not match:
         - @ConditionalOnClass did not find required class 'com.couchbase.client.java.Cluster' (OnClassCondition)

   CouchbaseRepositoriesAutoConfiguration:
      Did not match:
         - @ConditionalOnClass did not find required class 'com.couchbase.client.java.Bucket' (OnClassCondition)

   DataSourceAutoConfiguration:
      Did not match:
         - @ConditionalOnClass did not find required class 'org.springframework.jdbc.datasource.embedded.EmbeddedDatabaseType' (OnClassCondition)

   DataSourceInitializationConfiguration:
      Did not match:
         - @ConditionalOnClass did not find required class 'org.springframework.jdbc.datasource.init.DatabasePopulator' (OnClassCondition)

   DataSourceTransactionManagerAutoConfiguration:
      Did not match:
         - @ConditionalOnClass did not find required class 'org.springframework.jdbc.core.JdbcTemplate' (OnClassCondition)

   DispatcherServletAutoConfiguration.DispatcherServletConfiguration#multipartResolver:
      Did not match:
         - @ConditionalOnBean (types: org.springframework.web.multipart.MultipartResolver; SearchStrategy: all) did not find any beans of type org.springframework.web.multipart.MultipartResolver (OnBeanCondition)

   ElasticsearchClientAutoConfiguration:
      Did not match:
         - @ConditionalOnClass did not find required class 'co.elastic.clients.elasticsearch.ElasticsearchClient' (OnClassCondition)

   ElasticsearchDataAutoConfiguration:
      Did not match:
         - @ConditionalOnClass did not find required class 'org.springframework.data.elasticsearch.client.elc.ElasticsearchTemplate' (OnClassCondition)

   ElasticsearchRepositoriesAutoConfiguration:
      Did not match:
         - @ConditionalOnClass did not find required class 'org.springframework.data.elasticsearch.repository.ElasticsearchRepository' (OnClassCondition)

   ElasticsearchRestClientAutoConfiguration:
      Did not match:
         - @ConditionalOnClass did not find required class 'org.elasticsearch.client.RestClientBuilder' (OnClassCondition)

   EmbeddedLdapAutoConfiguration:
      Did not match:
         - @ConditionalOnClass did not find required class 'com.unboundid.ldap.listener.InMemoryDirectoryServer' (OnClassCondition)

   EmbeddedWebServerFactoryCustomizerAutoConfiguration:
      Did not match:
         - Application is deployed as a WAR file. (OnWarDeploymentCondition)
      Matched:
         - @ConditionalOnWebApplication (required) found 'session' scope (OnWebApplicationCondition)

   ErrorWebFluxAutoConfiguration:
      Did not match:
         - @ConditionalOnClass did not find required class 'org.springframework.web.reactive.config.WebFluxConfigurer' (OnClassCondition)

   FlywayAutoConfiguration:
      Did not match:
         - @ConditionalOnClass did not find required class 'org.flywaydb.core.Flyway' (OnClassCondition)

   FreeMarkerAutoConfiguration:
      Did not match:
         - @ConditionalOnClass did not find required class 'freemarker.template.Configuration' (OnClassCondition)

   GraphQlAutoConfiguration:
      Did not match:
         - @ConditionalOnClass did not find required class 'graphql.GraphQL' (OnClassCondition)

   GraphQlQueryByExampleAutoConfiguration:
      Did not match:
         - @ConditionalOnClass did not find required class 'graphql.GraphQL' (OnClassCondition)

   GraphQlQuerydslAutoConfiguration:
      Did not match:
         - @ConditionalOnClass did not find required class 'com.querydsl.core.Query' (OnClassCondition)

   GraphQlRSocketAutoConfiguration:
      Did not match:
         - @ConditionalOnClass did not find required class 'graphql.GraphQL' (OnClassCondition)

   GraphQlReactiveQueryByExampleAutoConfiguration:
      Did not match:
         - @ConditionalOnClass did not find required class 'graphql.GraphQL' (OnClassCondition)

   GraphQlReactiveQuerydslAutoConfiguration:
      Did not match:
         - @ConditionalOnClass did not find required class 'com.querydsl.core.Query' (OnClassCondition)

   GraphQlWebFluxAutoConfiguration:
      Did not match:
         - @ConditionalOnClass did not find required class 'graphql.GraphQL' (OnClassCondition)

   GraphQlWebFluxSecurityAutoConfiguration:
      Did not match:
         - @ConditionalOnClass did not find required class 'graphql.GraphQL' (OnClassCondition)

   GraphQlWebMvcAutoConfiguration:
      Did not match:
         - @ConditionalOnClass did not find required class 'graphql.GraphQL' (OnClassCondition)

   GraphQlWebMvcSecurityAutoConfiguration:
      Did not match:
         - @ConditionalOnClass did not find required class 'graphql.GraphQL' (OnClassCondition)

   GroovyTemplateAutoConfiguration:
      Did not match:
         - @ConditionalOnClass did not find required class 'groovy.text.markup.MarkupTemplateEngine' (OnClassCondition)

   GsonAutoConfiguration:
      Did not match:
         - @ConditionalOnClass did not find required class 'com.google.gson.Gson' (OnClassCondition)

   GsonHttpMessageConvertersConfiguration:
      Did not match:
         - @ConditionalOnClass did not find required class 'com.google.gson.Gson' (OnClassCondition)

   H2ConsoleAutoConfiguration:
      Did not match:
         - @ConditionalOnClass did not find required class 'org.h2.server.web.JakartaWebServlet' (OnClassCondition)

   HazelcastAutoConfiguration:
      Did not match:
         - @ConditionalOnClass did not find required class 'com.hazelcast.core.HazelcastInstance' (OnClassCondition)

   HazelcastCacheConfiguration:
      Did not match:
         - @ConditionalOnClass did not find required class 'com.hazelcast.core.HazelcastInstance' (OnClassCondition)

   HazelcastJpaDependencyAutoConfiguration:
      Did not match:
         - @ConditionalOnClass did not find required class 'com.hazelcast.core.HazelcastInstance' (OnClassCondition)

   HibernateJpaAutoConfiguration:
      Did not match:
         - @ConditionalOnClass did not find required class 'jakarta.persistence.EntityManager' (OnClassCondition)

   HttpHandlerAutoConfiguration:
      Did not match:
         - @ConditionalOnClass did not find required class 'org.springframework.web.reactive.DispatcherHandler' (OnClassCondition)

   HypermediaAutoConfiguration:
      Did not match:
         - @ConditionalOnClass did not find required class 'org.springframework.hateoas.EntityModel' (OnClassCondition)

   InfinispanCacheConfiguration:
      Did not match:
         - @ConditionalOnClass did not find required class 'org.infinispan.spring.embedded.provider.SpringEmbeddedCacheManager' (OnClassCondition)

   InfluxDbAutoConfiguration:
      Did not match:
         - @ConditionalOnClass did not find required class 'org.influxdb.InfluxDB' (OnClassCondition)

   IntegrationAutoConfiguration:
      Did not match:
         - @ConditionalOnClass did not find required class 'org.springframework.integration.config.EnableIntegration' (OnClassCondition)

   JCacheCacheConfiguration:
      Did not match:
         - @ConditionalOnClass did not find required class 'javax.cache.Caching' (OnClassCondition)

   JacksonHttpMessageConvertersConfiguration.MappingJackson2XmlHttpMessageConverterConfiguration:
      Did not match:
         - @ConditionalOnClass did not find required class 'com.fasterxml.jackson.dataformat.xml.XmlMapper' (OnClassCondition)

   JdbcClientAutoConfiguration:
      Did not match:
         - @ConditionalOnSingleCandidate did not find required type 'org.springframework.jdbc.core.namedparam.NamedParameterJdbcTemplate' (OnBeanCondition)

   JdbcRepositoriesAutoConfiguration:
      Did not match:
         - @ConditionalOnClass did not find required class 'org.springframework.data.jdbc.repository.config.AbstractJdbcConfiguration' (OnClassCondition)

   JdbcTemplateAutoConfiguration:
      Did not match:
         - @ConditionalOnClass did not find required class 'org.springframework.jdbc.core.JdbcTemplate' (OnClassCondition)

   JerseyAutoConfiguration:
      Did not match:
         - @ConditionalOnClass did not find required class 'org.glassfish.jersey.server.spring.SpringComponentProvider' (OnClassCondition)

   JmsAutoConfiguration:
      Did not match:
         - @ConditionalOnClass did not find required class 'jakarta.jms.Message' (OnClassCondition)

   JmxAutoConfiguration:
      Did not match:
         - @ConditionalOnProperty (spring.jmx.enabled=true) found different value in property 'enabled' (OnPropertyCondition)
      Matched:
         - @ConditionalOnClass found required class 'org.springframework.jmx.export.MBeanExporter' (OnClassCondition)

   JndiConnectionFactoryAutoConfiguration:
      Did not match:
         - @ConditionalOnClass did not find required class 'org.springframework.jms.core.JmsTemplate' (OnClassCondition)

   JndiDataSourceAutoConfiguration:
      Did not match:
         - @ConditionalOnClass did not find required class 'org.springframework.jdbc.datasource.embedded.EmbeddedDatabaseType' (OnClassCondition)

   JooqAutoConfiguration:
      Did not match:
         - @ConditionalOnClass did not find required class 'org.jooq.DSLContext' (OnClassCondition)

   JpaRepositoriesAutoConfiguration:
      Did not match:
         - @ConditionalOnClass did not find required class 'org.springframework.data.jpa.repository.JpaRepository' (OnClassCondition)

   JsonbAutoConfiguration:
      Did not match:
         - @ConditionalOnClass did not find required class 'jakarta.json.bind.Jsonb' (OnClassCondition)

   JsonbHttpMessageConvertersConfiguration:
      Did not match:
         - @ConditionalOnClass did not find required class 'jakarta.json.bind.Jsonb' (OnClassCondition)

   JtaAutoConfiguration:
      Did not match:
         - @ConditionalOnClass did not find required class 'jakarta.transaction.Transaction' (OnClassCondition)

   KafkaAutoConfiguration:
      Did not match:
         - @ConditionalOnClass did not find required class 'org.springframework.kafka.core.KafkaTemplate' (OnClassCondition)

   LdapAutoConfiguration:
      Did not match:
         - @ConditionalOnClass did not find required class 'org.springframework.ldap.core.ContextSource' (OnClassCondition)

   LdapRepositoriesAutoConfiguration:
      Did not match:
         - @ConditionalOnClass did not find required class 'org.springframework.data.ldap.repository.LdapRepository' (OnClassCondition)

   LiquibaseAutoConfiguration:
      Did not match:
         - @ConditionalOnClass did not find required class 'liquibase.change.DatabaseChange' (OnClassCondition)

   MailSenderAutoConfiguration:
      Did not match:
         - @ConditionalOnClass did not find required class 'jakarta.mail.internet.MimeMessage' (OnClassCondition)

   MailSenderValidatorAutoConfiguration:
      Did not match:
         - @ConditionalOnSingleCandidate did not find required type 'org.springframework.mail.javamail.JavaMailSenderImpl' (OnBeanCondition)

   MessageSourceAutoConfiguration:
      Did not match:
         - ResourceBundle did not find bundle with basename messages (MessageSourceAutoConfiguration.ResourceBundleCondition)

   MockMvcAutoConfiguration#dispatcherServlet:
      Did not match:
         - @ConditionalOnMissingBean (types: org.springframework.web.servlet.DispatcherServlet; SearchStrategy: all) found beans of type 'org.springframework.web.servlet.DispatcherServlet' dispatcherServlet (OnBeanCondition)

   MockMvcAutoConfiguration#dispatcherServletPath:
      Did not match:
         - @ConditionalOnMissingBean (types: org.springframework.boot.autoconfigure.web.servlet.DispatcherServletPath; SearchStrategy: all) found beans of type 'org.springframework.boot.autoconfigure.web.servlet.DispatcherServletPath' dispatcherServletRegistration (OnBeanCondition)

   MockMvcAutoConfiguration.WebTestClientMockMvcConfiguration:
      Did not match:
         - @ConditionalOnClass did not find required class 'org.springframework.web.reactive.function.client.WebClient' (OnClassCondition)

   MockMvcSecurityConfiguration:
      Did not match:
         - @ConditionalOnClass did not find required class 'org.springframework.security.test.web.servlet.request.SecurityMockMvcRequestPostProcessors' (OnClassCondition)

   MockMvcWebClientAutoConfiguration:
      Did not match:
         - @ConditionalOnClass did not find required class 'com.gargoylesoftware.htmlunit.WebClient' (OnClassCondition)

   MockMvcWebDriverAutoConfiguration:
      Did not match:
         - @ConditionalOnClass did not find required class 'org.openqa.selenium.htmlunit.HtmlUnitDriver' (OnClassCondition)

   MongoAutoConfiguration:
      Did not match:
         - @ConditionalOnClass did not find required class 'com.mongodb.client.MongoClient' (OnClassCondition)

   MongoDataAutoConfiguration:
      Did not match:
         - @ConditionalOnClass did not find required class 'com.mongodb.client.MongoClient' (OnClassCondition)

   MongoReactiveAutoConfiguration:
      Did not match:
         - @ConditionalOnClass did not find required class 'com.mongodb.reactivestreams.client.MongoClient' (OnClassCondition)

   MongoReactiveDataAutoConfiguration:
      Did not match:
         - @ConditionalOnClass did not find required class 'com.mongodb.reactivestreams.client.MongoClient' (OnClassCondition)

   MongoReactiveRepositoriesAutoConfiguration:
      Did not match:
         - @ConditionalOnClass did not find required class 'com.mongodb.reactivestreams.client.MongoClient' (OnClassCondition)

   MongoRepositoriesAutoConfiguration:
      Did not match:
         - @ConditionalOnClass did not find required class 'com.mongodb.client.MongoClient' (OnClassCondition)

   MustacheAutoConfiguration:
      Did not match:
         - @ConditionalOnClass did not find required class 'com.samskivert.mustache.Mustache' (OnClassCondition)

   Neo4jAutoConfiguration:
      Did not match:
         - @ConditionalOnClass did not find required class 'org.neo4j.driver.Driver' (OnClassCondition)

   Neo4jDataAutoConfiguration:
      Did not match:
         - @ConditionalOnClass did not find required class 'org.neo4j.driver.Driver' (OnClassCondition)

   Neo4jReactiveDataAutoConfiguration:
      Did not match:
         - @ConditionalOnClass did not find required class 'org.neo4j.driver.Driver' (OnClassCondition)

   Neo4jReactiveRepositoriesAutoConfiguration:
      Did not match:
         - @ConditionalOnClass did not find required class 'org.neo4j.driver.Driver' (OnClassCondition)

   Neo4jRepositoriesAutoConfiguration:
      Did not match:
         - @ConditionalOnClass did not find required class 'org.neo4j.driver.Driver' (OnClassCondition)

   NettyAutoConfiguration:
      Did not match:
         - @ConditionalOnClass did not find required class 'io.netty.util.NettyRuntime' (OnClassCondition)

   OAuth2AuthorizationServerAutoConfiguration:
      Did not match:
         - @ConditionalOnClass did not find required class 'org.springframework.security.oauth2.server.authorization.OAuth2Authorization' (OnClassCondition)

   OAuth2AuthorizationServerJwtAutoConfiguration:
      Did not match:
         - @ConditionalOnClass did not find required class 'org.springframework.security.oauth2.server.authorization.OAuth2Authorization' (OnClassCondition)

   OAuth2ClientAutoConfiguration:
      Did not match:
         - @ConditionalOnClass did not find required class 'org.springframework.security.config.annotation.web.configuration.EnableWebSecurity' (OnClassCondition)

   OAuth2ResourceServerAutoConfiguration:
      Did not match:
         - @ConditionalOnClass did not find required class 'org.springframework.security.oauth2.server.resource.authentication.BearerTokenAuthenticationToken' (OnClassCondition)

   ProjectInfoAutoConfiguration#buildProperties:
      Did not match:
         - @ConditionalOnResource did not find resource '${spring.info.build.location:classpath:META-INF/build-info.properties}' (OnResourceCondition)

   ProjectInfoAutoConfiguration#gitProperties:
      Did not match:
         - GitResource did not find git info at classpath:git.properties (ProjectInfoAutoConfiguration.GitResourceAvailableCondition)

   PulsarAutoConfiguration:
      Did not match:
         - @ConditionalOnClass did not find required class 'org.apache.pulsar.client.api.PulsarClient' (OnClassCondition)

   PulsarReactiveAutoConfiguration:
      Did not match:
         - @ConditionalOnClass did not find required class 'org.apache.pulsar.client.api.PulsarClient' (OnClassCondition)

   QuartzAutoConfiguration:
      Did not match:
         - @ConditionalOnClass did not find required class 'org.quartz.Scheduler' (OnClassCondition)

   R2dbcAutoConfiguration:
      Did not match:
         - @ConditionalOnClass did not find required class 'io.r2dbc.spi.ConnectionFactory' (OnClassCondition)

   R2dbcDataAutoConfiguration:
      Did not match:
         - @ConditionalOnClass did not find required class 'org.springframework.data.r2dbc.core.R2dbcEntityTemplate' (OnClassCondition)

   R2dbcInitializationConfiguration:
      Did not match:
         - @ConditionalOnClass did not find required classes 'io.r2dbc.spi.ConnectionFactory', 'org.springframework.r2dbc.connection.init.DatabasePopulator' (OnClassCondition)

   R2dbcRepositoriesAutoConfiguration:
      Did not match:
         - @ConditionalOnClass did not find required class 'io.r2dbc.spi.ConnectionFactory' (OnClassCondition)

   R2dbcTransactionManagerAutoConfiguration:
      Did not match:
         - @ConditionalOnClass did not find required class 'org.springframework.r2dbc.connection.R2dbcTransactionManager' (OnClassCondition)

   RSocketGraphQlClientAutoConfiguration:
      Did not match:
         - @ConditionalOnClass did not find required class 'graphql.GraphQL' (OnClassCondition)

   RSocketMessagingAutoConfiguration:
      Did not match:
         - @ConditionalOnClass did not find required class 'io.rsocket.RSocket' (OnClassCondition)

   RSocketRequesterAutoConfiguration:
      Did not match:
         - @ConditionalOnClass did not find required class 'io.rsocket.RSocket' (OnClassCondition)

   RSocketSecurityAutoConfiguration:
      Did not match:
         - @ConditionalOnClass did not find required class 'org.springframework.security.rsocket.core.SecuritySocketAcceptorInterceptor' (OnClassCondition)

   RSocketServerAutoConfiguration:
      Did not match:
         - @ConditionalOnClass did not find required class 'io.rsocket.core.RSocketServer' (OnClassCondition)

   RSocketStrategiesAutoConfiguration:
      Did not match:
         - @ConditionalOnClass did not find required class 'io.netty.buffer.PooledByteBufAllocator' (OnClassCondition)

   RabbitAutoConfiguration:
      Did not match:
         - @ConditionalOnClass did not find required class 'com.rabbitmq.client.Channel' (OnClassCondition)

   ReactiveElasticsearchClientAutoConfiguration:
      Did not match:
         - @ConditionalOnClass did not find required class 'co.elastic.clients.transport.ElasticsearchTransport' (OnClassCondition)

   ReactiveElasticsearchRepositoriesAutoConfiguration:
      Did not match:
         - @ConditionalOnClass did not find required class 'reactor.core.publisher.Mono' (OnClassCondition)

   ReactiveMultipartAutoConfiguration:
      Did not match:
         - @ConditionalOnClass did not find required class 'org.springframework.web.reactive.config.WebFluxConfigurer' (OnClassCondition)

   ReactiveOAuth2ClientAutoConfiguration:
      Did not match:
         - @ConditionalOnClass did not find required class 'reactor.core.publisher.Flux' (OnClassCondition)

   ReactiveOAuth2ResourceServerAutoConfiguration:
      Did not match:
         - @ConditionalOnClass did not find required class 'org.springframework.security.config.annotation.web.reactive.EnableWebFluxSecurity' (OnClassCondition)

   ReactiveSecurityAutoConfiguration:
      Did not match:
         - @ConditionalOnClass did not find required class 'reactor.core.publisher.Flux' (OnClassCondition)

   ReactiveUserDetailsServiceAutoConfiguration:
      Did not match:
         - @ConditionalOnClass did not find required class 'org.springframework.security.authentication.ReactiveAuthenticationManager' (OnClassCondition)

   ReactiveWebServerFactoryAutoConfiguration:
      Did not match:
         - @ConditionalOnWebApplication did not find reactive web application classes (OnWebApplicationCondition)

   ReactorAutoConfiguration:
      Did not match:
         - @ConditionalOnClass did not find required class 'reactor.core.publisher.Hooks' (OnClassCondition)

   RedisAutoConfiguration:
      Did not match:
         - @ConditionalOnClass did not find required class 'org.springframework.data.redis.core.RedisOperations' (OnClassCondition)

   RedisCacheConfiguration:
      Did not match:
         - @ConditionalOnClass did not find required class 'org.springframework.data.redis.connection.RedisConnectionFactory' (OnClassCondition)

   RedisReactiveAutoConfiguration:
      Did not match:
         - @ConditionalOnClass did not find required class 'reactor.core.publisher.Flux' (OnClassCondition)

   RedisRepositoriesAutoConfiguration:
      Did not match:
         - @ConditionalOnClass did not find required class 'org.springframework.data.redis.repository.configuration.EnableRedisRepositories' (OnClassCondition)

   RepositoryRestMvcAutoConfiguration:
      Did not match:
         - @ConditionalOnClass did not find required class 'org.springframework.data.rest.webmvc.config.RepositoryRestMvcConfiguration' (OnClassCondition)

   Saml2RelyingPartyAutoConfiguration:
      Did not match:
         - @ConditionalOnClass did not find required class 'org.springframework.security.saml2.provider.service.registration.RelyingPartyRegistrationRepository' (OnClassCondition)

   SecurityAutoConfiguration:
      Did not match:
         - @ConditionalOnClass did not find required class 'org.springframework.security.authentication.DefaultAuthenticationEventPublisher' (OnClassCondition)

   SecurityFilterAutoConfiguration:
      Did not match:
         - @ConditionalOnClass did not find required class 'org.springframework.security.config.http.SessionCreationPolicy' (OnClassCondition)

   SendGridAutoConfiguration:
      Did not match:
         - @ConditionalOnClass did not find required class 'com.sendgrid.SendGrid' (OnClassCondition)

   ServletWebServerFactoryAutoConfiguration.ForwardedHeaderFilterConfiguration:
      Did not match:
         - @ConditionalOnProperty (server.forward-headers-strategy=framework) did not find property 'server.forward-headers-strategy' (OnPropertyCondition)

   ServletWebServerFactoryConfiguration.EmbeddedJetty:
      Did not match:
         - @ConditionalOnClass did not find required classes 'org.eclipse.jetty.server.Server', 'org.eclipse.jetty.util.Loader', 'org.eclipse.jetty.ee10.webapp.WebAppContext' (OnClassCondition)

   ServletWebServerFactoryConfiguration.EmbeddedUndertow:
      Did not match:
         - @ConditionalOnClass did not find required classes 'io.undertow.Undertow', 'org.xnio.SslClientAuthMode' (OnClassCondition)

   SessionAutoConfiguration:
      Did not match:
         - @ConditionalOnClass did not find required class 'org.springframework.session.Session' (OnClassCondition)

   SpringApplicationAdminJmxAutoConfiguration:
      Did not match:
         - @ConditionalOnProperty (spring.application.admin.enabled=true) did not find property 'enabled' (OnPropertyCondition)

   SpringDataWebAutoConfiguration:
      Did not match:
         - @ConditionalOnClass did not find required class 'org.springframework.data.web.PageableHandlerMethodArgumentResolver' (OnClassCondition)

   TaskExecutorConfigurations.SimpleAsyncTaskExecutorBuilderConfiguration#simpleAsyncTaskExecutorBuilderVirtualThreads:
      Did not match:
         - @ConditionalOnMissingBean (types: org.springframework.boot.task.SimpleAsyncTaskExecutorBuilder; SearchStrategy: all) found beans of type 'org.springframework.boot.task.SimpleAsyncTaskExecutorBuilder' simpleAsyncTaskExecutorBuilder (OnBeanCondition)

   TaskExecutorConfigurations.TaskExecutorConfiguration#applicationTaskExecutorVirtualThreads:
      Did not match:
         - @ConditionalOnThreading did not find VIRTUAL (OnThreadingCondition)

   TaskSchedulingAutoConfiguration#scheduledBeanLazyInitializationExcludeFilter:
      Did not match:
         - @ConditionalOnBean (names: org.springframework.context.annotation.internalScheduledAnnotationProcessor; SearchStrategy: all) did not find any beans named org.springframework.context.annotation.internalScheduledAnnotationProcessor (OnBeanCondition)

   TaskSchedulingConfigurations.SimpleAsyncTaskSchedulerBuilderConfiguration#simpleAsyncTaskSchedulerBuilderVirtualThreads:
      Did not match:
         - @ConditionalOnMissingBean (types: org.springframework.boot.task.SimpleAsyncTaskSchedulerBuilder; SearchStrategy: all) found beans of type 'org.springframework.boot.task.SimpleAsyncTaskSchedulerBuilder' simpleAsyncTaskSchedulerBuilder (OnBeanCondition)

   TaskSchedulingConfigurations.TaskSchedulerConfiguration:
      Did not match:
         - @ConditionalOnBean (names: org.springframework.context.annotation.internalScheduledAnnotationProcessor; SearchStrategy: all) did not find any beans named org.springframework.context.annotation.internalScheduledAnnotationProcessor (OnBeanCondition)

   ThymeleafAutoConfiguration:
      Did not match:
         - @ConditionalOnClass did not find required class 'org.thymeleaf.spring6.SpringTemplateEngine' (OnClassCondition)

   TransactionAutoConfiguration#transactionalOperator:
      Did not match:
         - @ConditionalOnSingleCandidate (types: org.springframework.transaction.ReactiveTransactionManager; SearchStrategy: all) did not find any beans (OnBeanCondition)

   TransactionAutoConfiguration.AspectJTransactionManagementConfiguration:
      Did not match:
         - @ConditionalOnBean did not find required type 'org.springframework.transaction.aspectj.AbstractTransactionAspect' (OnBeanCondition)
         - @ConditionalOnBean (types: org.springframework.transaction.aspectj.AbstractTransactionAspect; SearchStrategy: all) did not find any beans of type org.springframework.transaction.aspectj.AbstractTransactionAspect (OnBeanCondition)

   TransactionAutoConfiguration.EnableTransactionManagementConfiguration.JdkDynamicAutoProxyConfiguration:
      Did not match:
         - @ConditionalOnProperty (spring.aop.proxy-target-class=false) did not find property 'proxy-target-class' (OnPropertyCondition)

   UserDetailsServiceAutoConfiguration:
      Did not match:
         - @ConditionalOnClass did not find required class 'org.springframework.security.authentication.AuthenticationManager' (OnClassCondition)

   WebClientAutoConfiguration:
      Did not match:
         - @ConditionalOnClass did not find required class 'org.springframework.web.reactive.function.client.WebClient' (OnClassCondition)

   WebFluxAutoConfiguration:
      Did not match:
         - @ConditionalOnClass did not find required class 'org.springframework.web.reactive.config.WebFluxConfigurer' (OnClassCondition)

   WebMvcAutoConfiguration#hiddenHttpMethodFilter:
      Did not match:
         - @ConditionalOnProperty (spring.mvc.hiddenmethod.filter.enabled) did not find property 'enabled' (OnPropertyCondition)

   WebMvcAutoConfiguration.ProblemDetailsErrorHandlingConfiguration:
      Did not match:
         - @ConditionalOnProperty (spring.mvc.problemdetails.enabled=true) did not find property 'enabled' (OnPropertyCondition)

   WebMvcAutoConfiguration.ResourceChainCustomizerConfiguration:
      Did not match:
         - @ConditionalOnEnabledResourceChain did not find class org.webjars.WebJarAssetLocator (OnEnabledResourceChainCondition)

   WebMvcAutoConfiguration.WebMvcAutoConfigurationAdapter#beanNameViewResolver:
      Did not match:
         - @ConditionalOnMissingBean (types: org.springframework.web.servlet.view.BeanNameViewResolver; SearchStrategy: all) found beans of type 'org.springframework.web.servlet.view.BeanNameViewResolver' beanNameViewResolver (OnBeanCondition)

   WebServiceTemplateAutoConfiguration:
      Did not match:
         - @ConditionalOnClass did not find required class 'org.springframework.oxm.Marshaller' (OnClassCondition)

   WebServicesAutoConfiguration:
      Did not match:
         - @ConditionalOnClass did not find required class 'org.springframework.ws.transport.http.MessageDispatcherServlet' (OnClassCondition)

   WebSessionIdResolverAutoConfiguration:
      Did not match:
         - @ConditionalOnClass did not find required class 'reactor.core.publisher.Mono' (OnClassCondition)

   WebSocketMessagingAutoConfiguration:
      Did not match:
         - @ConditionalOnClass did not find required class 'org.springframework.web.socket.config.annotation.WebSocketMessageBrokerConfigurer' (OnClassCondition)

   WebSocketReactiveAutoConfiguration:
      Did not match:
         - @ConditionalOnWebApplication did not find reactive web application classes (OnWebApplicationCondition)

   WebSocketServletAutoConfiguration.JettyWebSocketConfiguration:
      Did not match:
         - @ConditionalOnClass did not find required class 'org.eclipse.jetty.ee10.websocket.jakarta.server.config.JakartaWebSocketServletContainerInitializer' (OnClassCondition)

   WebSocketServletAutoConfiguration.UndertowWebSocketConfiguration:
      Did not match:
         - @ConditionalOnClass did not find required class 'io.undertow.websockets.jsr.Bootstrap' (OnClassCondition)

   WebTestClientAutoConfiguration:
      Did not match:
         - @ConditionalOnClass did not find required class 'org.springframework.web.reactive.function.client.WebClient' (OnClassCondition)

   XADataSourceAutoConfiguration:
      Did not match:
         - @ConditionalOnClass did not find required class 'jakarta.transaction.TransactionManager' (OnClassCondition)


Exclusions:
-----------

    None


Unconditional classes:
----------------------

    org.springframework.boot.autoconfigure.context.ConfigurationPropertiesAutoConfiguration

    org.springframework.boot.autoconfigure.ssl.SslAutoConfiguration

    org.springframework.boot.autoconfigure.context.LifecycleAutoConfiguration

    org.springframework.boot.autoconfigure.context.PropertyPlaceholderAutoConfiguration

    org.springframework.boot.autoconfigure.availability.ApplicationAvailabilityAutoConfiguration

    org.springframework.boot.autoconfigure.info.ProjectInfoAutoConfiguration



03:24:07.798 INFO  [main] c.e.v.s.DesignPortalDrawingServiceTest - Started DesignPortalDrawingServiceTest in 4.54 seconds (process running for 7.511)
03:24:07.800 DEBUG [main] o.s.b.a.ApplicationAvailabilityBean - Application availability state LivenessState changed to CORRECT
03:24:07.804 INFO  [main] c.e.vcbeprj.config.StartupLogRunner - [BOOT] vcBePrj started. mockDbBasePath=C:\Users\ngopr\AppData\Local\Temp\vc-be-test-data-1390904936791019234
03:24:07.805 INFO  [main] c.e.vcbeprj.config.StartupLogRunner - [BOOT][MOCK_DB] tableFile=C:\Users\ngopr\AppData\Local\Temp\vc-be-test-data-1390904936791019234\DESIGN_PORTAL_MANUAL_DRAWING.txt
03:24:07.805 INFO  [main] c.e.vcbeprj.config.StartupLogRunner - [BOOT][MOCK_DB] tableFile=C:\Users\ngopr\AppData\Local\Temp\vc-be-test-data-1390904936791019234\M14_VC_REQ_CHAMBER.txt
03:24:07.806 INFO  [main] c.e.vcbeprj.config.StartupLogRunner - [BOOT][MOCK_DB] tableFile=C:\Users\ngopr\AppData\Local\Temp\vc-be-test-data-1390904936791019234\M14_VC_REQ_COMPONENT.txt
03:24:07.806 INFO  [main] c.e.vcbeprj.config.StartupLogRunner - [BOOT][MOCK_DB] tableFile=C:\Users\ngopr\AppData\Local\Temp\vc-be-test-data-1390904936791019234\M14_VC_REQ_EQUIPMENT.txt
03:24:07.806 INFO  [main] c.e.vcbeprj.config.StartupLogRunner - [BOOT][MOCK_DB] tableFile=C:\Users\ngopr\AppData\Local\Temp\vc-be-test-data-1390904936791019234\M15_VC_REQ_CHAMBER.txt
03:24:07.806 INFO  [main] c.e.vcbeprj.config.StartupLogRunner - [BOOT][MOCK_DB] tableFile=C:\Users\ngopr\AppData\Local\Temp\vc-be-test-data-1390904936791019234\M15_VC_REQ_COMPONENT.txt
03:24:07.806 INFO  [main] c.e.vcbeprj.config.StartupLogRunner - [BOOT][MOCK_DB] tableFile=C:\Users\ngopr\AppData\Local\Temp\vc-be-test-data-1390904936791019234\M15_VC_REQ_EQUIPMENT.txt
03:24:07.806 INFO  [main] c.e.vcbeprj.config.StartupLogRunner - [BOOT][MOCK_DB] tableFile=C:\Users\ngopr\AppData\Local\Temp\vc-be-test-data-1390904936791019234\M16_VC_REQ_CHAMBER.txt
03:24:07.807 INFO  [main] c.e.vcbeprj.config.StartupLogRunner - [BOOT][MOCK_DB] tableFile=C:\Users\ngopr\AppData\Local\Temp\vc-be-test-data-1390904936791019234\M16_VC_REQ_COMPONENT.txt
03:24:07.807 INFO  [main] c.e.vcbeprj.config.StartupLogRunner - [BOOT][MOCK_DB] tableFile=C:\Users\ngopr\AppData\Local\Temp\vc-be-test-data-1390904936791019234\M16_VC_REQ_EQUIPMENT.txt
03:24:07.807 INFO  [main] c.e.vcbeprj.config.StartupLogRunner - [BOOT][MOCK_DB] tableFile=C:\Users\ngopr\AppData\Local\Temp\vc-be-test-data-1390904936791019234\VCW_VC_SPEC_MST.txt
03:24:07.809 DEBUG [main] o.s.b.a.ApplicationAvailabilityBean - Application availability state ReadinessState changed to ACCEPTING_TRAFFIC
03:24:08.862 DEBUG [main] o.s.w.s.m.m.a.RequestMappingHandlerMapping - Mapped to com.example.vcbeprj.controller.VcSimController#manualDrawings(String, String, String)
03:24:08.888 INFO  [main] c.e.v.controller.VcSimController - [API][GET /api/vc/sim/non-bim/manual-drawings] fabCd=M16 eqId=EQ-VAC-ETCH-1001 woId=VC-2026-ETCH-001
03:24:08.888 INFO  [main] c.e.v.s.DesignPortalDrawingService - [SERVICE][PORTAL][SELECT] business=searchManualDrawings table=DESIGN_PORTAL_MANUAL_DRAWING fabCd=M16 eqId=EQ-VAC-ETCH-1001 woId=VC-2026-ETCH-001
03:24:09.045 DEBUG [main] c.e.v.repository.TxtTableRepository - [TXT_DB][SELECT] table=DESIGN_PORTAL_MANUAL_DRAWING file=C:\Users\ngopr\AppData\Local\Temp\vc-be-test-data-1390904936791019234\DESIGN_PORTAL_MANUAL_DRAWING.txt rowType=DesignPortalDrawing rowCount=4
03:24:09.050 INFO  [main] c.e.v.s.DesignPortalDrawingService - [SERVICE][PORTAL][SELECT][DONE] resultCount=1
03:24:09.071 DEBUG [main] o.s.w.s.m.m.a.RequestResponseBodyMethodProcessor - Using 'application/json', given [*/*] and supported [application/json, application/*+json]
03:24:09.111 DEBUG [main] o.s.w.s.m.m.a.RequestResponseBodyMethodProcessor - Writing [[NonBimManualDrawingResponse[woId=VC-2026-ETCH-001, eqId=EQ-VAC-ETCH-1001, siteCd=PTK, siteNm=Pyeong (truncated)...]
]]></system-out>
    <system-err><![CDATA[WARNING: A Java agent has been loaded dynamically (C:\Users\ngopr\.m2\repository\net\bytebuddy\byte-buddy-agent\1.14.19\byte-buddy-agent-1.14.19.jar)
WARNING: If a serviceability tool is in use, please run with -XX:+EnableDynamicAgentLoading to hide this warning
WARNING: If a serviceability tool is not in use, please run with -Djdk.instrument.traceUsage for more information
WARNING: Dynamic loading of agents will be disallowed by default in a future release
]]></system-err>
  </testcase>
  <testcase name="nonBimOptionsExposeFabValuesForSearchCondition" classname="com.example.vcbeprj.service.DesignPortalDrawingServiceTest" time="0.067">
    <system-out><![CDATA[03:24:09.348 DEBUG [main] o.s.w.s.m.m.a.RequestMappingHandlerMapping - Mapped to com.example.vcbeprj.controller.VcSimController#nonBimOptions()
03:24:09.349 INFO  [main] c.e.v.controller.VcSimController - [API][GET /api/vc/sim/non-bim/options]
03:24:09.349 INFO  [main] c.e.v.service.VcSimFacadeService - [SERVICE][SIM][OPTIONS] business=nonBimOptions
03:24:09.355 DEBUG [main] c.e.v.repository.TxtTableRepository - [TXT_DB][SELECT] table=DESIGN_PORTAL_MANUAL_DRAWING file=C:\Users\ngopr\AppData\Local\Temp\vc-be-test-data-1390904936791019234\DESIGN_PORTAL_MANUAL_DRAWING.txt rowType=DesignPortalDrawing rowCount=4
03:24:09.360 DEBUG [main] o.s.w.s.m.m.a.RequestResponseBodyMethodProcessor - Using 'application/json', given [*/*] and supported [application/json, application/*+json]
03:24:09.360 DEBUG [main] o.s.w.s.m.m.a.RequestResponseBodyMethodProcessor - Writing [{pipeTypes=[{label=Pipe, value=PIPE}, {label=Elbow, value=ELBOW}, {label=Reducer, value=REDUCER}], f (truncated)...]
]]></system-out>
  </testcase>
  <testcase name="calculationUsesRequestedSpecSnapshotWhenMasterRowIsMissing" classname="com.example.vcbeprj.service.DesignPortalDrawingServiceTest" time="0.43">
    <system-out><![CDATA[03:24:09.421 DEBUG [main] o.s.w.s.m.m.a.RequestMappingHandlerMapping - Mapped to com.example.vcbeprj.controller.VcSimController#calculateNonBim(VcSimCalculateRequest)
03:24:09.474 DEBUG [main] o.s.w.s.m.m.a.RequestResponseBodyMethodProcessor - Read "application/json;charset=UTF-8" to [VcSimCalculateRequest[sourceType=NON_BIM, woId=VC-2026-ETCH-001, search=null, equipment=Equipment[eq (truncated)...]
03:24:09.477 INFO  [main] c.e.v.controller.VcSimController - [API][POST /api/vc/sim/non-bim/calculate] sourceType=NON_BIM woId=VC-2026-ETCH-001
03:24:09.478 INFO  [main] c.e.v.service.VcSimFacadeService - [SERVICE][SIM][CALCULATE] sourceType=NON_BIM fabCd=M16 eqId=EQ-VAC-ETCH-1001 woId=VC-2026-ETCH-001 chamberCount=1
03:24:09.485 DEBUG [main] c.e.v.c.MockFileTransactionManager - Creating new transaction with name [com.example.vcbeprj.service.VcCalculationService.calculateVcRequest]: PROPAGATION_REQUIRED,ISOLATION_DEFAULT
03:24:09.488 INFO  [main] c.e.v.service.VcCalculationService - [FLOW][CALCULATE][START] guid=4b16ae52-ef85-4dca-9091-36af7f2f986a fabId=M16 eqId=EQ-VAC-ETCH-1001 woId=VC-2026-ETCH-001 chamberCount=1
03:24:09.489 INFO  [main] c.e.v.service.VcCalculationService - [FLOW][CALCULATE][STEP 1] create EQUIPMENT request header
03:24:09.489 DEBUG [main] c.e.v.service.VcTableRoutingService - [TABLE_ROUTING] fabId=M16 equipmentTable=M16_VC_REQ_EQUIPMENT chamberTable=M16_VC_REQ_CHAMBER componentTable=M16_VC_REQ_COMPONENT
03:24:09.489 INFO  [main] c.e.v.s.VcRequestEquipmentService - [SERVICE][EQUIPMENT][INSERT] business=createRequestHeader table=M16_VC_REQ_EQUIPMENT guid=4b16ae52-ef85-4dca-9091-36af7f2f986a fabId=M16 eqId=EQ-VAC-ETCH-1001 woId=VC-2026-ETCH-001
03:24:09.490 INFO  [main] c.e.v.repository.TxtTableRepository - [TXT_DB][INSERT] table=M16_VC_REQ_EQUIPMENT rowType=VcRequestEquipment row=VcRequestEquipment[guid=4b16ae52-ef85-4dca-9091-36af7f2f986a, fabId=M16, fabEqpId=EQ-VAC-ETCH-1001, woId=VC-2026-ETCH-001, buildingId=, areaId=, dareaId=, eqpMakerNm=, eqpModelNm=VX-ETCH-300, dwgGbnNm=FORELINE, verVal=1, handEntryYn=Y, workEmpno=preview, workNm=Preview User, workTm=2026-06-22T03:24:09.488286200, prgsStatCd=1, downloadUrl=, fileNm=, folderPathVal=, specYn=NA, convYn=N, inqYn=Y, workStatCd=0, procYn=N, docUrl=, regTm=2026-06-22T03:24:09.488286200, regEmpno=preview, chgDtNm=null, chgChgrEmpno=]
03:24:09.534 DEBUG [main] c.e.v.repository.TxtTableRepository - [TXT_DB][SELECT] table=M16_VC_REQ_EQUIPMENT file=C:\Users\ngopr\AppData\Local\Temp\vc-be-test-data-1390904936791019234\M16_VC_REQ_EQUIPMENT.txt rowType=VcRequestEquipment rowCount=41
03:24:09.555 DEBUG [main] c.e.v.repository.TxtTableRepository - [TXT_DB][WRITE] table=M16_VC_REQ_EQUIPMENT file=C:\Users\ngopr\AppData\Local\Temp\vc-be-test-data-1390904936791019234\M16_VC_REQ_EQUIPMENT.txt rowCount=42
03:24:09.555 INFO  [main] c.e.v.service.VcCalculationService - [FLOW][CALCULATE][STEP 2] convert chamber objects to COMPONENT rows
03:24:09.555 DEBUG [main] c.e.v.service.VcCalculationService - [FLOW][COMPONENT][MAP] guid=4b16ae52-ef85-4dca-9091-36af7f2f986a chamber=Ch02 Side Pump sno=1 type=PIPE inlet=3 length=760 angle=0 outlet=0 qty=1
03:24:09.556 INFO  [main] c.e.v.service.VcCalculationService - [FLOW][CALCULATE][STEP 3] save COMPONENT rows count=1
03:24:09.556 DEBUG [main] c.e.v.service.VcTableRoutingService - [TABLE_ROUTING] fabId=M16 equipmentTable=M16_VC_REQ_EQUIPMENT chamberTable=M16_VC_REQ_CHAMBER componentTable=M16_VC_REQ_COMPONENT
03:24:09.556 INFO  [main] c.e.v.s.VcRequestComponentService - [SERVICE][COMPONENT][INSERT_ALL] business=insertComponents table=M16_VC_REQ_COMPONENT fabId=M16 insertCount=1
03:24:09.557 INFO  [main] c.e.v.repository.TxtTableRepository - [TXT_DB][INSERT_ALL] table=M16_VC_REQ_COMPONENT rowType=VcRequestComponent insertCount=1
03:24:09.622 DEBUG [main] c.e.v.repository.TxtTableRepository - [TXT_DB][SELECT] table=M16_VC_REQ_COMPONENT file=C:\Users\ngopr\AppData\Local\Temp\vc-be-test-data-1390904936791019234\M16_VC_REQ_COMPONENT.txt rowType=VcRequestComponent rowCount=158
03:24:09.673 DEBUG [main] c.e.v.repository.TxtTableRepository - [TXT_DB][WRITE] table=M16_VC_REQ_COMPONENT file=C:\Users\ngopr\AppData\Local\Temp\vc-be-test-data-1390904936791019234\M16_VC_REQ_COMPONENT.txt rowCount=159
03:24:09.673 INFO  [main] c.e.v.service.VcCalculationService - [FLOW][CALCULATE][STEP 4] calculate conductance, select SPEC, judge each chamber
03:24:09.676 DEBUG [main] c.e.v.service.VcCalculationService - [FLOW][ENGINE] type=PIPE inlet=3 length=760 angle=0 qty=1 score=17.880
03:24:09.677 DEBUG [main] c.e.v.service.VcCalculationService - [FLOW][CALCULATE][ENGINE] guid=4b16ae52-ef85-4dca-9091-36af7f2f986a chamber=Ch02 Side Pump objectCount=1 measVal=17.88
03:24:09.678 INFO  [main] c.e.v.service.VcSpecMasterService - [SERVICE][SPEC_MASTER][SELECT] business=getSpecForJudge table=VCW_VC_SPEC_MST fabId=M16 setModelNm=VX-ETCH-300 chamberModelNm=ETCH-LINE-S
03:24:09.722 DEBUG [main] c.e.v.repository.TxtTableRepository - [TXT_DB][SELECT] table=VCW_VC_SPEC_MST file=C:\Users\ngopr\AppData\Local\Temp\vc-be-test-data-1390904936791019234\VCW_VC_SPEC_MST.txt rowType=SpecMaster rowCount=59
03:24:09.727 INFO  [main] c.e.v.service.VcSpecMasterService - [SERVICE][SPEC_MASTER][SELECT][DONE] found=false specId=
03:24:09.728 INFO  [main] c.e.vcbeprj.service.VcJudgeService - [SERVICE][JUDGE] measVal=17.88 min=42 max=58 specId= result=NG_L
03:24:09.728 INFO  [main] c.e.v.service.VcCalculationService - [FLOW][CALCULATE][JUDGE] guid=4b16ae52-ef85-4dca-9091-36af7f2f986a chamber=Ch02 Side Pump chamberModel=ETCH-LINE-S specId= judge=NG_L
03:24:09.728 INFO  [main] c.e.v.service.VcCalculationService - [FLOW][CALCULATE][STEP 5] save CHAMBER result rows count=1
03:24:09.728 DEBUG [main] c.e.v.service.VcTableRoutingService - [TABLE_ROUTING] fabId=M16 equipmentTable=M16_VC_REQ_EQUIPMENT chamberTable=M16_VC_REQ_CHAMBER componentTable=M16_VC_REQ_COMPONENT
03:24:09.729 INFO  [main] c.e.v.s.VcRequestChamberService - [SERVICE][CHAMBER][INSERT_ALL] business=insertChamberResults table=M16_VC_REQ_CHAMBER fabId=M16 insertCount=1
03:24:09.730 INFO  [main] c.e.v.repository.TxtTableRepository - [TXT_DB][INSERT_ALL] table=M16_VC_REQ_CHAMBER rowType=VcRequestChamber insertCount=1
03:24:09.774 DEBUG [main] c.e.v.repository.TxtTableRepository - [TXT_DB][SELECT] table=M16_VC_REQ_CHAMBER file=C:\Users\ngopr\AppData\Local\Temp\vc-be-test-data-1390904936791019234\M16_VC_REQ_CHAMBER.txt rowType=VcRequestChamber rowCount=82
03:24:09.791 DEBUG [main] c.e.v.repository.TxtTableRepository - [TXT_DB][WRITE] table=M16_VC_REQ_CHAMBER file=C:\Users\ngopr\AppData\Local\Temp\vc-be-test-data-1390904936791019234\M16_VC_REQ_CHAMBER.txt rowCount=83
03:24:09.792 INFO  [main] c.e.vcbeprj.service.VcJudgeService - [SERVICE][JUDGE][EQUIPMENT] judgeResults=[NG_L] specYn=N
03:24:09.792 INFO  [main] c.e.v.service.VcCalculationService - [FLOW][CALCULATE][STEP 6] update EQUIPMENT SPEC_YN guid=4b16ae52-ef85-4dca-9091-36af7f2f986a specYn=N
03:24:09.792 DEBUG [main] c.e.v.service.VcTableRoutingService - [TABLE_ROUTING] fabId=M16 equipmentTable=M16_VC_REQ_EQUIPMENT chamberTable=M16_VC_REQ_CHAMBER componentTable=M16_VC_REQ_COMPONENT
03:24:09.792 INFO  [main] c.e.v.s.VcRequestEquipmentService - [SERVICE][EQUIPMENT][UPDATE] business=updateSpecYn table=M16_VC_REQ_EQUIPMENT guid=4b16ae52-ef85-4dca-9091-36af7f2f986a specYn=N
03:24:09.796 INFO  [main] c.e.v.repository.TxtTableRepository - [TXT_DB][UPDATE] table=M16_VC_REQ_EQUIPMENT rowType=VcRequestEquipment
03:24:09.812 DEBUG [main] c.e.v.repository.TxtTableRepository - [TXT_DB][SELECT] table=M16_VC_REQ_EQUIPMENT file=C:\Users\ngopr\AppData\Local\Temp\vc-be-test-data-1390904936791019234\M16_VC_REQ_EQUIPMENT.txt rowType=VcRequestEquipment rowCount=42
03:24:09.823 DEBUG [main] c.e.v.repository.TxtTableRepository - [TXT_DB][WRITE] table=M16_VC_REQ_EQUIPMENT file=C:\Users\ngopr\AppData\Local\Temp\vc-be-test-data-1390904936791019234\M16_VC_REQ_EQUIPMENT.txt rowCount=42
03:24:09.823 INFO  [main] c.e.v.repository.TxtTableRepository - [TXT_DB][UPDATE][DONE] table=M16_VC_REQ_EQUIPMENT updatedCount=1 totalCount=42
03:24:09.824 INFO  [main] c.e.v.service.VcCalculationService - [FLOW][CALCULATE][END] guid=4b16ae52-ef85-4dca-9091-36af7f2f986a fabId=M16 specYn=N responseRows=1
03:24:09.826 DEBUG [main] c.e.v.c.MockFileTransactionManager - Initiating transaction commit
03:24:09.829 DEBUG [main] o.s.w.s.m.m.a.RequestResponseBodyMethodProcessor - Using 'application/json', given [*/*] and supported [application/json, application/*+json]
03:24:09.831 DEBUG [main] o.s.w.s.m.m.a.RequestResponseBodyMethodProcessor - Writing [{success=true, data={eqId=EQ-VAC-ETCH-1001, fabCd=M16, setModelNm=VX-ETCH-300, guid=4b16ae52-ef85-4d (truncated)...]
]]></system-out>
  </testcase>
  <testcase name="manualDrawingResponseUsesBusinessKeyWithoutGenericId" classname="com.example.vcbeprj.service.DesignPortalDrawingServiceTest" time="0.107">
    <system-out><![CDATA[03:24:09.850 INFO  [main] c.e.v.s.DesignPortalDrawingService - [SERVICE][PORTAL][SELECT] business=findByBusinessKey table=DESIGN_PORTAL_MANUAL_DRAWING eqId=EQ-VAC-ETCH-1001 woId=VC-2026-ETCH-001
03:24:09.854 DEBUG [main] c.e.v.repository.TxtTableRepository - [TXT_DB][SELECT] table=DESIGN_PORTAL_MANUAL_DRAWING file=C:\Users\ngopr\AppData\Local\Temp\vc-be-test-data-1390904936791019234\DESIGN_PORTAL_MANUAL_DRAWING.txt rowType=DesignPortalDrawing rowCount=4
]]></system-out>
  </testcase>
  <testcase name="specMasterDetailSaveIsVisibleThroughSearchResponse" classname="com.example.vcbeprj.service.DesignPortalDrawingServiceTest" time="0.074">
    <system-out><![CDATA[03:24:09.958 DEBUG [main] o.s.w.s.m.m.a.RequestMappingHandlerMapping - Mapped to com.example.vcbeprj.controller.VcSpecMasterController#createChild(String, Map)
03:24:09.970 DEBUG [main] o.s.w.s.m.m.a.RequestResponseBodyMethodProcessor - Read "application/json;charset=UTF-8" to [{specMaxVal=67, chgrNm=Test Owner, specNm=M14 LITHO Added Test Chamber, specMinVal=41, operLargeCatg (truncated)...]
03:24:09.971 INFO  [main] c.e.v.c.VcSpecMasterController - [API][POST /api/vc/specmaster/SPEC-M14-LITHO-A/children]
03:24:09.972 INFO  [main] c.e.v.repository.TxtTableRepository - [TXT_DB][INSERT] table=VCW_VC_SPEC_MST rowType=SpecMaster row=SpecMaster[specId=SPEC-cd5fcfce-1c9d-421f-8a92-2975e08e06d6, specNm=M14 LITHO Added Test Chamber, fabId=M14, setModelNm=LITHO-Track-4, operLargeCatgVal=LITHO, operMidCatgVal=Test, chambModelNm=LITHO-ADDED-TEST, modelSpecUseYn=0, srcGbnCd=U, detSearYn=N, upperCd=SPEC-M14-LITHO-A, mgmtTgtYn=Y, specMinVal=41, specMaxVal=67, chgrEmpno=, chgrNm=Test Owner, specDesc=, regTm=2026-06-22T03:24:09.971360300+09:00, regEmpno=, chgDtNm=2026-06-22T03:24:09.971360300+09:00, chgChgrEmpno=]
03:24:09.979 DEBUG [main] c.e.v.repository.TxtTableRepository - [TXT_DB][SELECT] table=VCW_VC_SPEC_MST file=C:\Users\ngopr\AppData\Local\Temp\vc-be-test-data-1390904936791019234\VCW_VC_SPEC_MST.txt rowType=SpecMaster rowCount=59
03:24:09.990 DEBUG [main] c.e.v.repository.TxtTableRepository - [TXT_DB][WRITE] table=VCW_VC_SPEC_MST file=C:\Users\ngopr\AppData\Local\Temp\vc-be-test-data-1390904936791019234\VCW_VC_SPEC_MST.txt rowCount=60
03:24:09.992 DEBUG [main] o.s.w.s.m.m.a.RequestResponseBodyMethodProcessor - Using 'application/json', given [*/*] and supported [application/json, application/*+json]
03:24:09.993 DEBUG [main] o.s.w.s.m.m.a.RequestResponseBodyMethodProcessor - Writing [SpecMaster[specId=SPEC-cd5fcfce-1c9d-421f-8a92-2975e08e06d6, specNm=M14 LITHO Added Test Chamber, fa (truncated)...]
03:24:09.995 DEBUG [main] o.s.w.s.m.m.a.RequestMappingHandlerMapping - Mapped to com.example.vcbeprj.controller.VcSpecMasterController#search(Map)
03:24:09.996 DEBUG [main] o.s.w.s.m.m.a.RequestResponseBodyMethodProcessor - Read "application/json;charset=UTF-8" to [{page=0, size=10, selectedSpecId=SPEC-M14-LITHO-A}]
03:24:09.996 INFO  [main] c.e.v.c.VcSpecMasterController - [API][POST /api/vc/specmaster/search] page=0 size=10 body={page=0, size=10, selectedSpecId=SPEC-M14-LITHO-A}
03:24:09.996 INFO  [main] c.e.v.service.VcSpecMasterService - [SERVICE][SPEC_MASTER][SELECT] business=searchMasters table=VCW_VC_SPEC_MST fabId= setModelNm= specNm=
03:24:10.001 DEBUG [main] c.e.v.repository.TxtTableRepository - [TXT_DB][SELECT] table=VCW_VC_SPEC_MST file=C:\Users\ngopr\AppData\Local\Temp\vc-be-test-data-1390904936791019234\VCW_VC_SPEC_MST.txt rowType=SpecMaster rowCount=60
03:24:10.007 INFO  [main] c.e.v.service.VcSpecMasterService - [SERVICE][SPEC_MASTER][SELECT] business=getChildren table=VCW_VC_SPEC_MST parentSpecId=SPEC-M14-LITHO-A
03:24:10.011 DEBUG [main] c.e.v.repository.TxtTableRepository - [TXT_DB][SELECT] table=VCW_VC_SPEC_MST file=C:\Users\ngopr\AppData\Local\Temp\vc-be-test-data-1390904936791019234\VCW_VC_SPEC_MST.txt rowType=SpecMaster rowCount=60
03:24:10.014 DEBUG [main] o.s.w.s.m.m.a.RequestResponseBodyMethodProcessor - Using 'application/json', given [*/*] and supported [application/json, application/*+json]
03:24:10.016 DEBUG [main] o.s.w.s.m.m.a.RequestResponseBodyMethodProcessor - Writing [{content=[SpecMaster[specId=SPEC-M12-CVD-A, specNm=M12 CVD Legacy Standard, fabId=M12, setModelNm=CV (truncated)...]
]]></system-out>
  </testcase>
  <testcase name="specMasterSearchReturnsPagedMastersAndSelectedDetails" classname="com.example.vcbeprj.service.DesignPortalDrawingServiceTest" time="0.036">
    <system-out><![CDATA[03:24:10.039 DEBUG [main] o.s.w.s.m.m.a.RequestMappingHandlerMapping - Mapped to com.example.vcbeprj.controller.VcSpecMasterController#search(Map)
03:24:10.039 DEBUG [main] o.s.w.s.m.m.a.RequestResponseBodyMethodProcessor - Read "application/json;charset=UTF-8" to [{page=0, size=10, selectedSpecId=SPEC-M14-LITHO-A}]
03:24:10.040 INFO  [main] c.e.v.c.VcSpecMasterController - [API][POST /api/vc/specmaster/search] page=0 size=10 body={page=0, size=10, selectedSpecId=SPEC-M14-LITHO-A}
03:24:10.040 INFO  [main] c.e.v.service.VcSpecMasterService - [SERVICE][SPEC_MASTER][SELECT] business=searchMasters table=VCW_VC_SPEC_MST fabId= setModelNm= specNm=
03:24:10.044 DEBUG [main] c.e.v.repository.TxtTableRepository - [TXT_DB][SELECT] table=VCW_VC_SPEC_MST file=C:\Users\ngopr\AppData\Local\Temp\vc-be-test-data-1390904936791019234\VCW_VC_SPEC_MST.txt rowType=SpecMaster rowCount=60
03:24:10.044 INFO  [main] c.e.v.service.VcSpecMasterService - [SERVICE][SPEC_MASTER][SELECT] business=getChildren table=VCW_VC_SPEC_MST parentSpecId=SPEC-M14-LITHO-A
03:24:10.049 DEBUG [main] c.e.v.repository.TxtTableRepository - [TXT_DB][SELECT] table=VCW_VC_SPEC_MST file=C:\Users\ngopr\AppData\Local\Temp\vc-be-test-data-1390904936791019234\VCW_VC_SPEC_MST.txt rowType=SpecMaster rowCount=60
03:24:10.050 DEBUG [main] o.s.w.s.m.m.a.RequestResponseBodyMethodProcessor - Using 'application/json', given [*/*] and supported [application/json, application/*+json]
03:24:10.051 DEBUG [main] o.s.w.s.m.m.a.RequestResponseBodyMethodProcessor - Writing [{content=[SpecMaster[specId=SPEC-M12-CVD-A, specNm=M12 CVD Legacy Standard, fabId=M12, setModelNm=CV (truncated)...]
]]></system-out>
  </testcase>
  <testcase name="deprecatedSpecMasterLookupEndpointsAreNotExposed" classname="com.example.vcbeprj.service.DesignPortalDrawingServiceTest" time="0.017">
    <system-out><![CDATA[03:24:10.080 WARN  [main] o.s.w.s.m.s.DefaultHandlerExceptionResolver - Resolved [org.springframework.web.HttpRequestMethodNotSupportedException: Request method 'GET' is not supported]
03:24:10.084 WARN  [main] o.s.w.s.m.s.DefaultHandlerExceptionResolver - Resolved [org.springframework.web.HttpRequestMethodNotSupportedException: Request method 'POST' is not supported]
03:24:10.086 WARN  [main] o.s.w.s.m.s.DefaultHandlerExceptionResolver - Resolved [org.springframework.web.HttpRequestMethodNotSupportedException: Request method 'GET' is not supported]
03:24:10.087 WARN  [main] o.s.w.s.m.s.DefaultHandlerExceptionResolver - Resolved [org.springframework.web.HttpRequestMethodNotSupportedException: Request method 'GET' is not supported]
]]></system-out>
  </testcase>
  <testcase name="specMasterChildrenEndpointReturnsOnlySelectedMasterDetails" classname="com.example.vcbeprj.service.DesignPortalDrawingServiceTest" time="0.018">
    <system-out><![CDATA[03:24:10.093 DEBUG [main] o.s.w.s.m.m.a.RequestMappingHandlerMapping - Mapped to com.example.vcbeprj.controller.VcSpecMasterController#children(String)
03:24:10.094 INFO  [main] c.e.v.c.VcSpecMasterController - [API][GET /api/vc/specmaster/SPEC-M14-LITHO-A/children]
03:24:10.094 INFO  [main] c.e.v.service.VcSpecMasterService - [SERVICE][SPEC_MASTER][SELECT] business=getChildren table=VCW_VC_SPEC_MST parentSpecId=SPEC-M14-LITHO-A
03:24:10.096 DEBUG [main] c.e.v.repository.TxtTableRepository - [TXT_DB][SELECT] table=VCW_VC_SPEC_MST file=C:\Users\ngopr\AppData\Local\Temp\vc-be-test-data-1390904936791019234\VCW_VC_SPEC_MST.txt rowType=SpecMaster rowCount=60
03:24:10.097 DEBUG [main] o.s.w.s.m.m.a.RequestResponseBodyMethodProcessor - Using 'application/json', given [*/*] and supported [application/json, application/*+json]
03:24:10.098 DEBUG [main] o.s.w.s.m.m.a.RequestResponseBodyMethodProcessor - Writing [[SpecMaster[specId=SPEC-M14-LITHO-A-CH06, specNm=M14 Litho Align Chamber, fabId=M14, setModelNm=LITH (truncated)...]
]]></system-out>
  </testcase>
  <testcase name="chamberLookupUsesEquipmentAndWoId" classname="com.example.vcbeprj.service.DesignPortalDrawingServiceTest" time="0.025">
    <system-out><![CDATA[03:24:10.115 INFO  [main] c.e.v.s.DesignPortalDrawingService - [SERVICE][PORTAL][SELECT] business=getDrawingChambers table=DESIGN_PORTAL_MANUAL_DRAWING eqId=EQ-VAC-ETCH-1001 woId=VC-2026-ETCH-001
03:24:10.115 INFO  [main] c.e.v.s.DesignPortalDrawingService - [SERVICE][PORTAL][SELECT] business=findByBusinessKey table=DESIGN_PORTAL_MANUAL_DRAWING eqId=EQ-VAC-ETCH-1001 woId=VC-2026-ETCH-001
03:24:10.118 DEBUG [main] c.e.v.repository.TxtTableRepository - [TXT_DB][SELECT] table=DESIGN_PORTAL_MANUAL_DRAWING file=C:\Users\ngopr\AppData\Local\Temp\vc-be-test-data-1390904936791019234\DESIGN_PORTAL_MANUAL_DRAWING.txt rowType=DesignPortalDrawing rowCount=4
]]></system-out>
  </testcase>
  <testcase name="calculatorOptionsContainFabAndModelForApplicableSpecFiltering" classname="com.example.vcbeprj.service.DesignPortalDrawingServiceTest" time="0.031">
    <system-out><![CDATA[03:24:10.142 DEBUG [main] o.s.w.s.m.m.a.RequestMappingHandlerMapping - Mapped to com.example.vcbeprj.controller.VcSimController#calculatorOptions()
03:24:10.143 INFO  [main] c.e.v.controller.VcSimController - [API][GET /api/vc/sim/calculator/options]
03:24:10.143 INFO  [main] c.e.v.service.VcSimFacadeService - [SERVICE][SIM][OPTIONS] business=calculatorOptions
03:24:10.145 DEBUG [main] c.e.v.repository.TxtTableRepository - [TXT_DB][SELECT] table=DESIGN_PORTAL_MANUAL_DRAWING file=C:\Users\ngopr\AppData\Local\Temp\vc-be-test-data-1390904936791019234\DESIGN_PORTAL_MANUAL_DRAWING.txt rowType=DesignPortalDrawing rowCount=4
03:24:10.147 DEBUG [main] c.e.v.repository.TxtTableRepository - [TXT_DB][SELECT] table=DESIGN_PORTAL_MANUAL_DRAWING file=C:\Users\ngopr\AppData\Local\Temp\vc-be-test-data-1390904936791019234\DESIGN_PORTAL_MANUAL_DRAWING.txt rowType=DesignPortalDrawing rowCount=4
03:24:10.150 INFO  [main] c.e.v.service.VcSpecMasterService - [SERVICE][SPEC_MASTER][SELECT] business=getAllUsableSpecs table=VCW_VC_SPEC_MST
03:24:10.154 DEBUG [main] c.e.v.repository.TxtTableRepository - [TXT_DB][SELECT] table=VCW_VC_SPEC_MST file=C:\Users\ngopr\AppData\Local\Temp\vc-be-test-data-1390904936791019234\VCW_VC_SPEC_MST.txt rowType=SpecMaster rowCount=60
03:24:10.157 DEBUG [main] o.s.w.s.m.m.a.RequestResponseBodyMethodProcessor - Using 'application/json', given [*/*] and supported [application/json, application/*+json]
03:24:10.159 DEBUG [main] o.s.w.s.m.m.a.RequestResponseBodyMethodProcessor - Writing [{models=[{label=CV-Pro-12, value=CV-Pro-12}, {label=LabVC-Mini, value=LabVC-Mini}, {label=Pump Rack  (truncated)...]
]]></system-out>
  </testcase>
</testsuite>